<?xml version="1.0" encoding="UTF-8"?>
<!-- Generated by org.testng.reporters.JUnitXMLReporter -->
<testsuite ignored="2" hostname="Jimmy" failures="0" tests="1" name="Default test" time="32.448" errors="0" timestamp="2023-07-19T17:40:13 EET">
  <testcase classname="test_cases.AddToCartTest" name="fullfailcenario" time="30.409"/>
  <testcase classname="test_cases.AddToCartTest" name="addToCart" time="0.0">
    <ignored/>
  </testcase> <!-- addToCart -->
  <testcase classname="test_cases.AddToCartTest" name="fullPassscenario" time="0.0">
    <ignored/>
  </testcase> <!-- fullPassscenario -->
</testsuite> <!-- Default test -->
