<?xml version="1.0" encoding="UTF-8"?>
<testng-results ignored="1" total="3" passed="2" failed="0" skipped="0">
  <reporter-output>
  </reporter-output>
  <suite started-at="2023-07-20T21:18:03 EET" name="TwoScenarios" finished-at="2023-07-20T21:19:20 EET" duration-ms="76731">
    <groups>
    </groups>
    <test started-at="2023-07-20T21:18:03 EET" name="Test" finished-at="2023-07-20T21:19:20 EET" duration-ms="76731">
      <class name="test_cases.AddToCartTest">
        <test-method is-config="true" signature="intialStart()[pri:0, instance:test_cases.AddToCartTest@5d534f5d]" started-at="2023-07-20T21:18:04 EET" name="intialStart" finished-at="2023-07-20T21:18:06 EET" duration-ms="2341" status="PASS">
          <reporter-output>
          </reporter-output>
        </test-method> <!-- intialStart -->
        <test-method signature="fullPassscenario()[pri:0, instance:test_cases.AddToCartTest@5d534f5d]" started-at="2023-07-20T21:18:06 EET" name="fullPassscenario" finished-at="2023-07-20T21:18:52 EET" duration-ms="45889" status="PASS">
          <reporter-output>
          </reporter-output>
        </test-method> <!-- fullPassscenario -->
        <test-method is-config="true" signature="finishTest()[pri:0, instance:test_cases.AddToCartTest@5d534f5d]" started-at="2023-07-20T21:18:52 EET" name="finishTest" finished-at="2023-07-20T21:18:52 EET" duration-ms="131" status="PASS">
          <reporter-output>
          </reporter-output>
        </test-method> <!-- finishTest -->
        <test-method is-config="true" signature="intialStart()[pri:0, instance:test_cases.AddToCartTest@5d534f5d]" started-at="2023-07-20T21:18:52 EET" name="intialStart" finished-at="2023-07-20T21:18:55 EET" duration-ms="2745" status="PASS">
          <reporter-output>
          </reporter-output>
        </test-method> <!-- intialStart -->
        <test-method signature="fullfailcenario()[pri:0, instance:test_cases.AddToCartTest@5d534f5d]" started-at="2023-07-20T21:18:55 EET" name="fullfailcenario" finished-at="2023-07-20T21:19:20 EET" duration-ms="25469" status="PASS">
          <reporter-output>
          </reporter-output>
        </test-method> <!-- fullfailcenario -->
        <test-method is-config="true" signature="finishTest()[pri:0, instance:test_cases.AddToCartTest@5d534f5d]" started-at="2023-07-20T21:19:20 EET" name="finishTest" finished-at="2023-07-20T21:19:20 EET" duration-ms="117" status="PASS">
          <reporter-output>
          </reporter-output>
        </test-method> <!-- finishTest -->
      </class> <!-- test_cases.AddToCartTest -->
    </test> <!-- Test -->
  </suite> <!-- TwoScenarios -->
</testng-results>
