<?xml version="1.0" encoding="UTF-8"?>
<!-- Generated by org.testng.reporters.JUnitXMLReporter -->
<testsuite ignored="1" hostname="Jimmy" failures="0" tests="2" name="Test" time="76.731" errors="0" timestamp="2023-07-20T21:19:20 EET">
  <testcase classname="test_cases.AddToCartTest" name="fullPassscenario" time="45.889"/>
  <testcase classname="test_cases.AddToCartTest" name="fullfailcenario" time="25.469"/>
  <testcase classname="test_cases.AddToCartTest" name="addToCart" time="0.0">
    <ignored/>
  </testcase> <!-- addToCart -->
</testsuite> <!-- Test -->
